<?xml version="1.0" encoding="UTF-8"?>
<!-- Generated by org.testng.reporters.JUnitReportReporter -->
<testsuite hostname="DESKTOP-DH252H2" failures="0" tests="5" name="org.example.runner.CucumberTest" time="209.438" errors="0" timestamp="2022-10-29T20:26:29 EEST" skipped="0">
  <testcase classname="org.example.runner.CucumberTest" name="runScenario" time="42.115"/>
  <system-out/>
  <testcase classname="org.example.runner.CucumberTest" name="runScenario" time="41.624"/>
  <system-out/>
  <testcase classname="org.example.runner.CucumberTest" name="runScenario" time="42.087"/>
  <system-out/>
  <testcase classname="org.example.runner.CucumberTest" name="runScenario" time="42.092"/>
  <system-out/>
  <testcase classname="org.example.runner.CucumberTest" name="runScenario" time="41.520"/>
  <system-out/>
</testsuite> <!-- org.example.runner.CucumberTest -->
