<?xml version="1.0" encoding="UTF-8"?>
<!-- Generated by org.testng.reporters.JUnitReportReporter -->
<testsuite hostname="DESKTOP-DH252H2" failures="0" tests="5" name="org.example.runner.CucumberTest" time="321.305" errors="0" timestamp="2022-10-25T21:15:18 EEST" skipped="0">
  <testcase classname="org.example.runner.CucumberTest" name="runScenario" time="65.717"/>
  <system-out/>
  <testcase classname="org.example.runner.CucumberTest" name="runScenario" time="63.395"/>
  <system-out/>
  <testcase classname="org.example.runner.CucumberTest" name="runScenario" time="63.802"/>
  <system-out/>
  <testcase classname="org.example.runner.CucumberTest" name="runScenario" time="64.069"/>
  <system-out/>
  <testcase classname="org.example.runner.CucumberTest" name="runScenario" time="64.322"/>
  <system-out/>
</testsuite> <!-- org.example.runner.CucumberTest -->
