<?xml version="1.0" encoding="UTF-8"?>
<!-- Generated by org.testng.reporters.JUnitReportReporter -->
<testsuite hostname="DESKTOP-DH252H2" failures="0" tests="5" name="org.example.runner.CucumberTest" time="225.294" errors="0" timestamp="2022-10-29T20:46:18 EEST" skipped="0">
  <testcase classname="org.example.runner.CucumberTest" name="runScenario" time="44.811"/>
  <system-out/>
  <testcase classname="org.example.runner.CucumberTest" name="runScenario" time="44.796"/>
  <system-out/>
  <testcase classname="org.example.runner.CucumberTest" name="runScenario" time="45.935"/>
  <system-out/>
  <testcase classname="org.example.runner.CucumberTest" name="runScenario" time="44.811"/>
  <system-out/>
  <testcase classname="org.example.runner.CucumberTest" name="runScenario" time="44.941"/>
  <system-out/>
</testsuite> <!-- org.example.runner.CucumberTest -->
