<?xml version="1.0" encoding="UTF-8"?>
<!-- Generated by org.testng.reporters.JUnitReportReporter -->
<testsuite hostname="DESKTOP-DH252H2" failures="0" tests="5" name="org.example.runner.CucumberTest" time="237.414" errors="0" timestamp="2022-11-16T23:12:24 EET" skipped="0">
  <testcase classname="org.example.runner.CucumberTest" name="runScenario" time="47.105"/>
  <system-out/>
  <testcase classname="org.example.runner.CucumberTest" name="runScenario" time="47.978"/>
  <system-out/>
  <testcase classname="org.example.runner.CucumberTest" name="runScenario" time="47.107"/>
  <system-out/>
  <testcase classname="org.example.runner.CucumberTest" name="runScenario" time="47.745"/>
  <system-out/>
  <testcase classname="org.example.runner.CucumberTest" name="runScenario" time="47.479"/>
  <system-out/>
</testsuite> <!-- org.example.runner.CucumberTest -->
