<?xml version="1.0" encoding="UTF-8"?>
<!-- Generated by org.testng.reporters.JUnitReportReporter -->
<testsuite hostname="DESKTOP-DH252H2" failures="0" tests="5" name="org.example.runner.CucumberTest" time="263.456" errors="0" timestamp="2022-11-16T21:00:54 GMT+02:00" skipped="0">
  <testcase classname="org.example.runner.CucumberTest" name="runScenario" time="53.009"/>
  <system-out/>
  <testcase classname="org.example.runner.CucumberTest" name="runScenario" time="52.959"/>
  <system-out/>
  <testcase classname="org.example.runner.CucumberTest" name="runScenario" time="52.296"/>
  <system-out/>
  <testcase classname="org.example.runner.CucumberTest" name="runScenario" time="52.302"/>
  <system-out/>
  <testcase classname="org.example.runner.CucumberTest" name="runScenario" time="52.890"/>
  <system-out/>
</testsuite> <!-- org.example.runner.CucumberTest -->
